0 info it worked if it ends with ok
1 verbose cli [ 'C:\\Program Files\\nodejs\\node.exe',
1 verbose cli   'C:\\Users\\jake\\WebstormProjects\\Vidly\\node_modules\\npm\\bin\\npm-cli.js',
1 verbose cli   'test' ]
2 info using npm@3.10.10
3 info using node@v10.15.3
4 verbose run-script [ 'pretest', 'test', 'posttest' ]
5 info lifecycle vidly@1.0.0~pretest: vidly@1.0.0
6 silly lifecycle vidly@1.0.0~pretest: no script for pretest, continuing
7 info lifecycle vidly@1.0.0~test: vidly@1.0.0
8 verbose lifecycle vidly@1.0.0~test: unsafe-perm in lifecycle true
9 verbose lifecycle vidly@1.0.0~test: PATH: C:\Users\jake\WebstormProjects\Vidly\node_modules\npm\bin\node-gyp-bin;C:\Users\jake\WebstormProjects\Vidly\node_modules\.bin;C:\Users\jake\WebstormProjects\Vidly\node_modules\.bin;C:\Windows\system32;C:\Windows;C:\Windows\System32\Wbem;C:\Windows\System32\WindowsPowerShell\v1.0\;C:\Program Files\Git\cmd;C:\Program Files\nodejs\;C:\Program Files\MongoDB\Server\4.0\bin;C:\Users\jake\AppData\Local\Microsoft\WindowsApps;;C:\Users\jake\AppData\Local\Programs\Microsoft VS Code\bin;C:\Users\jake\AppData\Roaming\npm;C:\Program Files\heroku\bin
10 verbose lifecycle vidly@1.0.0~test: CWD: C:\Users\jake\WebstormProjects\Vidly
11 silly lifecycle vidly@1.0.0~test: Args: [ '/d /s /c',
11 silly lifecycle   'jest --watchAll --verbose --coverage --runInBand' ]
12 silly lifecycle vidly@1.0.0~test: Returned: code: 3221225786  signal: null
13 info lifecycle vidly@1.0.0~test: Failed to exec test script
14 error Test failed.  See above for more details.
15 verbose exit [ 1, true ]
16 verbose stack Error: kill ENOSYS
16 verbose stack     at process.kill (internal/process/per_thread.js:198:13)
16 verbose stack     at process.listener (C:\Users\jake\WebstormProjects\Vidly\node_modules\npm\node_modules\npmlog\node_modules\gauge\node_modules\signal-exit\index.js:86:15)
16 verbose stack     at process.emit (events.js:194:15)
17 verbose cwd C:\Users\jake\WebstormProjects\Vidly
18 error Windows_NT 10.0.16299
19 error argv "C:\\Program Files\\nodejs\\node.exe" "C:\\Users\\jake\\WebstormProjects\\Vidly\\node_modules\\npm\\bin\\npm-cli.js" "test"
20 error node v10.15.3
21 error npm  v3.10.10
22 error code ENOSYS
23 error errno ENOSYS
24 error syscall kill
25 error kill ENOSYS
26 error If you need help, you may report this error at:
26 error     <https://github.com/npm/npm/issues>
27 verbose exit [ 1, true ]
